// 同步 ID: 3efdf646 @ Sun May 31 09:06:04 UTC 2026
// 同步 ID: c1a3c2d4 @ Sat Jun  6 13:17:17 UTC 2026
// 同步 ID: 9beda755 @ Sun Jun  7 21:11:37 UTC 2026
// 同步 ID: 101ca899 @ Mon Jun  8 13:44:47 UTC 2026
// 重构日志: 6218f936
// 同步 ID: 044521ad @ Wed Jun 10 00:12:37 UTC 2026
// 重构日志: 5f623622
// 同步 ID: 57cf6af6 @ Thu Jun 11 12:35:26 UTC 2026
// 重构日志: 19a40a50
// 同步 ID: 48e294b8 @ Wed Jun 17 00:54:09 UTC 2026
// 重构日志: bab98a06
// 重构日志: 1ee8670d
// 重构日志: 0b43e89e
// 同步 ID: f21c32f8 @ Sun Jun 21 11:20:55 UTC 2026
// 重构日志: 9e1f1c46
// 重构日志: a2e89681
// 重构日志: 48a436d3
// 重构日志: e74e4b12
// 同步 ID: e9fef830 @ Sat Jun 27 02:05:26 UTC 2026
// 重构日志: 500be18e
